<?xml version="1.0" encoding="UTF-8"?><testsuite errors="0" failures="20" name="io.swagger.petstore.crudtest.CreateStoresDataDrivenTest" skipped="0" tests="20" time="129.18" timestamp="2023-01-10T21:40:50.997Z[Europe/London]"><testcase classname="io.swagger.petstore.crudtest.CreateStoresDataDrivenTest" name="Data driven test for adding multiple users to the application"><failure message="1 expectation failed.&#10;Expected status code &lt;200&gt; but was &lt;404&gt;.&#10;" type="java.lang.AssertionError">1 expectation failed.
Expected status code &lt;200&gt; but was &lt;404&gt;.
</failure><system-err>1 expectation failed.
Expected status code &lt;200&gt; but was &lt;404&gt;.
&#13;
io.restassured.internal.ResponseSpecificationImpl.validateResponseIfRequired(ResponseSpecificationImpl.groovy:636)&#13;
io.restassured.internal.ResponseSpecificationImpl.statusCode(ResponseSpecificationImpl.groovy:122)&#13;
io.restassured.internal.ResponseSpecificationImpl.statusCode(ResponseSpecificationImpl.groovy:130)&#13;
io.restassured.internal.ValidatableResponseOptionsImpl.statusCode(ValidatableResponseOptionsImpl.java:117)&#13;
io.swagger.petstore.crudtest.CreateStoresDataDrivenTest.createMultipleUsers(CreateStoresDataDrivenTest.java:33)&#13;
</system-err></testcase></testsuite>